  [1m[35m (8.0ms)[0m  [1m[35mSET NAMES utf8,  @@SESSION.sql_mode = CONCAT(CONCAT(@@sql_mode, ',STRICT_ALL_TABLES'), ',NO_AUTO_VALUE_ON_ZERO'),  @@SESSION.sql_auto_is_null = 0, @@SESSION.wait_timeout = 2147483[0m
  [1m[35m (52.7ms)[0m  [1m[35mCREATE TABLE `schema_migrations` (`version` varchar(255) NOT NULL PRIMARY KEY) ENGINE=InnoDB[0m
  [1m[35m (30.9ms)[0m  [1m[35mCREATE TABLE `ar_internal_metadata` (`key` varchar(255) NOT NULL PRIMARY KEY, `value` varchar(255), `created_at` datetime NOT NULL, `updated_at` datetime NOT NULL) ENGINE=InnoDB[0m
  [1m[35m (0.0ms)[0m  [1m[34mSELECT GET_LOCK('5089806479192241555', 0)[0m
  [1m[35m (1.9ms)[0m  [1m[34mSELECT `schema_migrations`.`version` FROM `schema_migrations` ORDER BY `schema_migrations`.`version` ASC[0m
Migrating to CreateUsers (20200310171758)
  [1m[35m (31.9ms)[0m  [1m[35mCREATE TABLE `users` (`id` bigint NOT NULL AUTO_INCREMENT PRIMARY KEY, `username` varchar(255), `password_digest` varchar(255), `created_at` datetime NOT NULL, `updated_at` datetime NOT NULL) ENGINE=InnoDB[0m
  [1m[35m (0.0ms)[0m  [1m[35mBEGIN[0m
  [1m[35mSQL (1.0ms)[0m  [1m[32mINSERT INTO `schema_migrations` (`version`) VALUES ('20200310171758')[0m
  [1m[35m (3.1ms)[0m  [1m[35mCOMMIT[0m
Migrating to RenameColumn (20200405003610)
  [1m[35m (16.9ms)[0m  [1m[35mDROP TABLE IF EXISTS `users` CASCADE[0m
  [1m[35m (30.9ms)[0m  [1m[35mCREATE TABLE `users` (`id` bigint NOT NULL AUTO_INCREMENT PRIMARY KEY, `name` varchar(255), `password_digest` varchar(255), `created_at` datetime NOT NULL, `updated_at` datetime NOT NULL, `email` varchar(255)) ENGINE=InnoDB DEFAULT CHARSET=utf8[0m
  [1m[35m (0.0ms)[0m  [1m[35mBEGIN[0m
  [1m[35mSQL (0.0ms)[0m  [1m[32mINSERT INTO `schema_migrations` (`version`) VALUES ('20200405003610')[0m
  [1m[35m (3.0ms)[0m  [1m[35mCOMMIT[0m
Migrating to CreateChores (20200411211226)
  [1m[35m (70.8ms)[0m  [1m[35mCREATE TABLE `chores` (`id` bigint NOT NULL AUTO_INCREMENT PRIMARY KEY, `user_id` bigint, `title` varchar(255), `description` text, `price` decimal, `difficultyLvl` int, `completeBy` date, `isFunded` tinyint(1), `isAvailable` tinyint(1), `isCheckedOut` tinyint(1), `isCompleted` tinyint(1), `isApproved` tinyint(1), `isPaid` tinyint(1), `created_at` datetime NOT NULL, `updated_at` datetime NOT NULL,  INDEX `index_chores_on_user_id`  (`user_id`), CONSTRAINT `fk_rails_b880541aa1`
FOREIGN KEY (`user_id`)
  REFERENCES `users` (`id`)
) ENGINE=InnoDB[0m
  [1m[35m (1.0ms)[0m  [1m[35mBEGIN[0m
  [1m[35mSQL (1.0ms)[0m  [1m[32mINSERT INTO `schema_migrations` (`version`) VALUES ('20200411211226')[0m
  [1m[35m (2.0ms)[0m  [1m[35mCOMMIT[0m
  [1m[36mActiveRecord::InternalMetadata Load (1.0ms)[0m  [1m[34mSELECT  `ar_internal_metadata`.* FROM `ar_internal_metadata` WHERE `ar_internal_metadata`.`key` = 'environment' LIMIT 1[0m
  [1m[35m (1.0ms)[0m  [1m[35mBEGIN[0m
  [1m[35mSQL (0.0ms)[0m  [1m[32mINSERT INTO `ar_internal_metadata` (`key`, `value`, `created_at`, `updated_at`) VALUES ('environment', 'development', '2020-04-16 10:50:31', '2020-04-16 10:50:31')[0m
  [1m[35m (2.0ms)[0m  [1m[35mCOMMIT[0m
  [1m[35m (1.0ms)[0m  [1m[34mSELECT RELEASE_LOCK('5089806479192241555')[0m
  [1m[35m (0.0ms)[0m  [1m[34mSELECT `schema_migrations`.`version` FROM `schema_migrations` ORDER BY `schema_migrations`.`version` ASC[0m
